> Task :compileJava UP-TO-DATE
> Task :processResources UP-TO-DATE
> Task :classes UP-TO-DATE
> Task :resolveMainClassName UP-TO-DATE

> Task :bootRun

  .   ____          _            __ _ _
 /\\ / ___'_ __ _ _(_)_ __  __ _ \ \ \ \
( ( )\___ | '_ | '_| | '_ \/ _` | \ \ \ \
 \\/  ___)| |_)| | | | | || (_| |  ) ) ) )
  '  |____| .__|_| |_|_| |_\__, | / / / /
 =========|_|==============|___/=/_/_/_/

 :: Spring Boot ::                (v3.5.0)

2025-06-09T20:47:41.125+09:00  INFO 68373 --- [           main] c.e.boxingmatch.BoxingMatchApplication   : Starting BoxingMatchApplication using Java 17.0.12 with PID 68373 (/Users/chamingyeong/GitHub/NeghborhoodBoxingMatch/BoxingMatch/build/classes/java/main started by chamingyeong in /Users/chamingyeong/GitHub/NeghborhoodBoxingMatch/BoxingMatch)
2025-06-09T20:47:41.127+09:00  INFO 68373 --- [           main] c.e.boxingmatch.BoxingMatchApplication   : No active profile set, falling back to 1 default profile: "default"
2025-06-09T20:47:41.307+09:00  INFO 68373 --- [           main] .s.d.r.c.RepositoryConfigurationDelegate : Bootstrapping Spring Data JPA repositories in DEFAULT mode.
2025-06-09T20:47:41.325+09:00  INFO 68373 --- [           main] .s.d.r.c.RepositoryConfigurationDelegate : Finished Spring Data repository scanning in 15 ms. Found 4 JPA repository interfaces.
2025-06-09T20:47:41.443+09:00  INFO 68373 --- [           main] o.s.b.w.embedded.tomcat.TomcatWebServer  : Tomcat initialized with port 8080 (http)
2025-06-09T20:47:41.449+09:00  INFO 68373 --- [           main] o.apache.catalina.core.StandardService   : Starting service [Tomcat]
2025-06-09T20:47:41.449+09:00  INFO 68373 --- [           main] o.apache.catalina.core.StandardEngine    : Starting Servlet engine: [Apache Tomcat/10.1.41]
2025-06-09T20:47:41.466+09:00  INFO 68373 --- [           main] o.a.c.c.C.[Tomcat].[localhost].[/]       : Initializing Spring embedded WebApplicationContext
2025-06-09T20:47:41.466+09:00  INFO 68373 --- [           main] w.s.c.ServletWebServerApplicationContext : Root WebApplicationContext: initialization completed in 327 ms
2025-06-09T20:47:41.511+09:00  INFO 68373 --- [           main] o.hibernate.jpa.internal.util.LogHelper  : HHH000204: Processing PersistenceUnitInfo [name: default]
2025-06-09T20:47:41.523+09:00  INFO 68373 --- [           main] org.hibernate.Version                    : HHH000412: Hibernate ORM core version 6.6.15.Final
2025-06-09T20:47:41.531+09:00  INFO 68373 --- [           main] o.h.c.internal.RegionFactoryInitiator    : HHH000026: Second-level cache disabled
2025-06-09T20:47:41.610+09:00  INFO 68373 --- [           main] o.s.o.j.p.SpringPersistenceUnitInfo      : No LoadTimeWeaver setup: ignoring JPA class transformer
2025-06-09T20:47:41.618+09:00  INFO 68373 --- [           main] com.zaxxer.hikari.HikariDataSource       : HikariPool-1 - Starting...
2025-06-09T20:47:41.715+09:00  INFO 68373 --- [           main] com.zaxxer.hikari.pool.HikariPool        : HikariPool-1 - Added connection com.mysql.cj.jdbc.ConnectionImpl@1e477944
2025-06-09T20:47:41.716+09:00  INFO 68373 --- [           main] com.zaxxer.hikari.HikariDataSource       : HikariPool-1 - Start completed.
2025-06-09T20:47:41.741+09:00  INFO 68373 --- [           main] org.hibernate.orm.connections.pooling    : HHH10001005: Database info:
	Database JDBC URL [Connecting through datasource 'HikariDataSource (HikariPool-1)']
	Database driver: undefined/unknown
	Database version: 9.3
	Autocommit mode: undefined/unknown
	Isolation level: undefined/unknown
	Minimum pool size: undefined/unknown
	Maximum pool size: undefined/unknown
2025-06-09T20:47:41.988+09:00  INFO 68373 --- [           main] o.h.e.t.j.p.i.JtaPlatformInitiator       : HHH000489: No JTA platform available (set 'hibernate.transaction.jta.platform' to enable JTA platform integration)
2025-06-09T20:47:42.034+09:00  INFO 68373 --- [           main] j.LocalContainerEntityManagerFactoryBean : Initialized JPA EntityManagerFactory for persistence unit 'default'
2025-06-09T20:47:42.165+09:00  WARN 68373 --- [           main] JpaBaseConfiguration$JpaWebConfiguration : spring.jpa.open-in-view is enabled by default. Therefore, database queries may be performed during view rendering. Explicitly configure spring.jpa.open-in-view to disable this warning
2025-06-09T20:47:42.265+09:00  INFO 68373 --- [           main] o.s.b.w.embedded.tomcat.TomcatWebServer  : Tomcat started on port 8080 (http) with context path '/'
2025-06-09T20:47:42.269+09:00  INFO 68373 --- [           main] c.e.boxingmatch.BoxingMatchApplication   : Started BoxingMatchApplication in 1.272 seconds (process running for 1.363)
2025-06-09T20:47:59.462+09:00  INFO 68373 --- [nio-8080-exec-2] o.a.c.c.C.[Tomcat].[localhost].[/]       : Initializing Spring DispatcherServlet 'dispatcherServlet'
2025-06-09T20:47:59.462+09:00  INFO 68373 --- [nio-8080-exec-2] o.s.web.servlet.DispatcherServlet        : Initializing Servlet 'dispatcherServlet'
2025-06-09T20:47:59.463+09:00  INFO 68373 --- [nio-8080-exec-2] o.s.web.servlet.DispatcherServlet        : Completed initialization in 1 ms
